c:\users\jachu\downloads\draco-1.2.0\draco_io.dir\debug\draco_io.pdb
c:\users\jachu\downloads\draco-1.2.0\draco_io.dir\debug\point_cloud_io.obj
c:\users\jachu\downloads\draco-1.2.0\draco_io.dir\debug\ply_reader.obj
c:\users\jachu\downloads\draco-1.2.0\draco_io.dir\debug\ply_encoder.obj
c:\users\jachu\downloads\draco-1.2.0\draco_io.dir\debug\ply_decoder.obj
c:\users\jachu\downloads\draco-1.2.0\draco_io.dir\debug\parser_utils.obj
c:\users\jachu\downloads\draco-1.2.0\draco_io.dir\debug\obj_encoder.obj
c:\users\jachu\downloads\draco-1.2.0\draco_io.dir\debug\obj_decoder.obj
c:\users\jachu\downloads\draco-1.2.0\draco_io.dir\debug\mesh_io.obj
c:\users\jachu\downloads\draco-1.2.0\cmakefiles\generate.stamp
c:\users\jachu\downloads\draco-1.2.0\draco_io.dir\debug\draco_io.lib
c:\users\jachu\downloads\draco-1.2.0\draco_io.dir\debug\draco_io.tlog\cl.command.1.tlog
c:\users\jachu\downloads\draco-1.2.0\draco_io.dir\debug\draco_io.tlog\cl.read.1.tlog
c:\users\jachu\downloads\draco-1.2.0\draco_io.dir\debug\draco_io.tlog\cl.write.1.tlog
c:\users\jachu\downloads\draco-1.2.0\draco_io.dir\debug\draco_io.tlog\custombuild.command.1.tlog
c:\users\jachu\downloads\draco-1.2.0\draco_io.dir\debug\draco_io.tlog\custombuild.read.1.tlog
c:\users\jachu\downloads\draco-1.2.0\draco_io.dir\debug\draco_io.tlog\custombuild.write.1.tlog
c:\users\jachu\downloads\draco-1.2.0\draco_io.dir\debug\draco_io.tlog\lib-link.read.1.tlog
c:\users\jachu\downloads\draco-1.2.0\draco_io.dir\debug\draco_io.tlog\lib-link.write.1.tlog
c:\users\jachu\downloads\draco-1.2.0\draco_io.dir\debug\draco_io.tlog\lib.command.1.tlog
