  Building Custom Rule C:/draco-1.2.0/draco-1.2.0/CMakeLists.txt
  prediction_scheme_encoder_factory.cc
C:\draco-1.2.0\draco-1.2.0\src\draco/mesh/corner_table.h(63,35): warning C4267: return: Převod z: size_t na: int, může dojít ke ztrátě dat.
C:\draco-1.2.0\draco-1.2.0\src\draco/mesh/corner_table.h(64,34): warning C4267: return: Převod z: size_t na: int, může dojít ke ztrátě dat.
C:\draco-1.2.0\draco-1.2.0\src\draco/mesh/corner_table.h(65,32): warning C4267: return: Převod z: size_t na: int, může dojít ke ztrátě dat.
C:\draco-1.2.0\draco-1.2.0\src\draco/mesh/corner_table.h(235,1): warning C4267: argument: Převod z: size_t na: ValueTypeT, může dojít ke ztrátě dat.
          with
          [
              ValueTypeT=int32_t
          ]
C:\draco-1.2.0\draco-1.2.0\src\draco/attributes/point_attribute.h(68,1): warning C4267: =: Převod z: size_t na: int, může dojít ke ztrátě dat.
C:\draco-1.2.0\draco-1.2.0\src\draco/metadata/metadata.h(134,27): warning C4267: return: Převod z: size_t na: int, může dojít ke ztrátě dat.
C:\draco-1.2.0\draco-1.2.0\src\draco/point_cloud/point_cloud.h(57,34): warning C4267: return: Převod z: size_t na: int32_t, může dojít ke ztrátě dat.
C:\draco-1.2.0\draco-1.2.0\src\draco/mesh/mesh.h(51,1): warning C4267: argument: Převod z: size_t na: const ValueTypeT, může dojít ke ztrátě dat.
          with
          [
              ValueTypeT=int32_t
          ]
C:\draco-1.2.0\draco-1.2.0\src\draco/mesh/mesh.h(61,42): warning C4267: return: Převod z: size_t na: int, může dojít ke ztrátě dat.
C:\draco-1.2.0\draco-1.2.0\src\draco/mesh/mesh.h(122,1): warning C4267: argument: Převod z: size_t na: const ValueTypeT, může dojít ke ztrátě dat.
          with
          [
              ValueTypeT=int32_t
          ]
C:\draco-1.2.0\draco-1.2.0\src\draco/mesh/mesh_attribute_corner_table.h(85,28): warning C4267: return: Převod z: size_t na: int, může dojít ke ztrátě dat.
C:\draco-1.2.0\draco-1.2.0\src\draco/compression/attributes/attributes_encoder.h(92,1): warning C4267: =: Převod z: size_t na: _Ty, může dojít ke ztrátě dat.
          with
          [
              _Ty=int32_t
          ]
C:\draco-1.2.0\draco-1.2.0\src\draco/compression/attributes/attributes_encoder.h(105,35): warning C4267: return: Převod z: size_t na: uint32_t, může dojít ke ztrátě dat.
C:\draco-1.2.0\draco-1.2.0\src\draco/compression/attributes/attributes_encoder.h(125,1): warning C4267: inicializování: Převod z: size_t na: int, může dojít ke ztrátě dat.
C:\draco-1.2.0\draco-1.2.0\src\draco/compression/attributes/attributes_encoder.h(125,1): warning C4267: inicializování: Převod z: size_t na: const int, může dojít ke ztrátě dat.
C:\draco-1.2.0\draco-1.2.0\src\draco/compression/point_cloud/point_cloud_encoder.h(47,39): warning C4267: return: Převod z: size_t na: int, může dojít ke ztrátě dat.
C:\draco-1.2.0\draco-1.2.0\src\draco/compression/point_cloud/point_cloud_encoder.h(55,1): warning C4267: return: Převod z: size_t na: int, může dojít ke ztrátě dat.
  draco_compression_attributes_pred_schemes_enc.vcxproj -> C:\draco-1.2.0\draco-1.2.0\cmake\draco_compression_attributes_pred_schemes_enc.dir\Debug\draco_compression_attributes_pred_schemes_enc.lib
