  Building Custom Rule C:/draco-1.2.0/draco-1.2.0/CMakeLists.txt
  dynamic_integer_points_kd_tree_encoder.cc
  float_points_tree_encoder.cc
C:\draco-1.2.0\draco-1.2.0\src\draco/compression/point_cloud/algorithms/dynamic_integer_points_kd_tree_encoder.h(196,21): warning C4244: =: __int64 se převádí na uint32_t; může dojít ke ztrátě dat.
C:\draco-1.2.0\draco-1.2.0\src\draco\compression\point_cloud\algorithms\float_points_tree_encoder.cc(50): message : Zobrazit odkaz na kompilované vytváření instancí funkce šablona bool draco::DynamicIntegerPointsKdTreeEncoder<0>::EncodePoints<std::_Vector_iterator<std::_Vector_val<std::_Simple_types<_Ty>>>>(RandomAccessIteratorT,RandomAccessIteratorT,const uint32_t &,draco::EncoderBuffer *)
          with
          [
              _Ty=draco::Point3ui,
              RandomAccessIteratorT=std::_Vector_iterator<std::_Vector_val<std::_Simple_types<draco::Point3ui>>>
          ]
C:\draco-1.2.0\draco-1.2.0\src\draco\compression\point_cloud\algorithms\float_points_tree_encoder.cc(49): message : Zobrazit odkaz na kompilované vytváření instancí funkce šablona bool draco::DynamicIntegerPointsKdTreeEncoder<0>::EncodePoints<std::_Vector_iterator<std::_Vector_val<std::_Simple_types<_Ty>>>>(RandomAccessIteratorT,RandomAccessIteratorT,const uint32_t &,draco::EncoderBuffer *)
          with
          [
              _Ty=draco::Point3ui,
              RandomAccessIteratorT=std::_Vector_iterator<std::_Vector_val<std::_Simple_types<draco::Point3ui>>>
          ]
C:\draco-1.2.0\draco-1.2.0\src\draco/compression/point_cloud/algorithms/dynamic_integer_points_kd_tree_encoder.h(296,47): warning C4244: inicializování: __int64 se převádí na uint32_t; může dojít ke ztrátě dat.
C:\draco-1.2.0\draco-1.2.0\src\draco/compression/point_cloud/algorithms/dynamic_integer_points_kd_tree_encoder.h(208): message : Zobrazit odkaz na kompilované vytváření instancí funkce šablona void draco::DynamicIntegerPointsKdTreeEncoder<0>::EncodeInternal<RandomAccessIteratorT>(RandomAccessIteratorT,RandomAccessIteratorT)
          with
          [
              RandomAccessIteratorT=std::_Vector_iterator<std::_Vector_val<std::_Simple_types<draco::Point3ui>>>
          ]
C:\draco-1.2.0\draco-1.2.0\src\draco/compression/point_cloud/algorithms/dynamic_integer_points_kd_tree_encoder.h(208): message : Zobrazit odkaz na kompilované vytváření instancí funkce šablona void draco::DynamicIntegerPointsKdTreeEncoder<0>::EncodeInternal<RandomAccessIteratorT>(RandomAccessIteratorT,RandomAccessIteratorT)
          with
          [
              RandomAccessIteratorT=std::_Vector_iterator<std::_Vector_val<std::_Simple_types<draco::Point3ui>>>
          ]
C:\draco-1.2.0\draco-1.2.0\src\draco\compression\point_cloud\algorithms\float_points_tree_encoder.cc(50): message : Zobrazit odkaz na kompilované vytváření instancí funkce šablona bool draco::DynamicIntegerPointsKdTreeEncoder<0>::EncodePoints<std::_Vector_iterator<std::_Vector_val<std::_Simple_types<_Ty>>>>(RandomAccessIteratorT,RandomAccessIteratorT,const uint32_t &,draco::EncoderBuffer *)
          with
          [
              _Ty=draco::Point3ui,
              RandomAccessIteratorT=std::_Vector_iterator<std::_Vector_val<std::_Simple_types<draco::Point3ui>>>
          ]
C:\draco-1.2.0\draco-1.2.0\src\draco\compression\point_cloud\algorithms\float_points_tree_encoder.cc(49): message : Zobrazit odkaz na kompilované vytváření instancí funkce šablona bool draco::DynamicIntegerPointsKdTreeEncoder<0>::EncodePoints<std::_Vector_iterator<std::_Vector_val<std::_Simple_types<_Ty>>>>(RandomAccessIteratorT,RandomAccessIteratorT,const uint32_t &,draco::EncoderBuffer *)
          with
          [
              _Ty=draco::Point3ui,
              RandomAccessIteratorT=std::_Vector_iterator<std::_Vector_val<std::_Simple_types<draco::Point3ui>>>
          ]
C:\draco-1.2.0\draco-1.2.0\src\draco/compression/point_cloud/algorithms/dynamic_integer_points_kd_tree_encoder.h(296,41): warning C4244: inicializování: __int64 se převádí na const uint32_t; může dojít ke ztrátě dat.
C:\draco-1.2.0\draco-1.2.0\src\draco/compression/point_cloud/algorithms/dynamic_integer_points_kd_tree_encoder.h(307,25): warning C4018: <: signed/unsigned – neshoda
C:\draco-1.2.0\draco-1.2.0\src\draco/compression/point_cloud/algorithms/dynamic_integer_points_kd_tree_encoder.h(312,27): warning C4018: <: signed/unsigned – neshoda
C:\draco-1.2.0\draco-1.2.0\src\draco/compression/point_cloud/algorithms/dynamic_integer_points_kd_tree_encoder.h(337,39): warning C4244: inicializování: __int64 se převádí na uint32_t; může dojít ke ztrátě dat.
C:\draco-1.2.0\draco-1.2.0\src\draco/compression/point_cloud/algorithms/dynamic_integer_points_kd_tree_encoder.h(337,31): warning C4244: inicializování: __int64 se převádí na const uint32_t; může dojít ke ztrátě dat.
C:\draco-1.2.0\draco-1.2.0\src\draco/compression/point_cloud/algorithms/dynamic_integer_points_kd_tree_encoder.h(338,38): warning C4244: inicializování: __int64 se převádí na uint32_t; může dojít ke ztrátě dat.
C:\draco-1.2.0\draco-1.2.0\src\draco/compression/point_cloud/algorithms/dynamic_integer_points_kd_tree_encoder.h(338,32): warning C4244: inicializování: __int64 se převádí na const uint32_t; může dojít ke ztrátě dat.
C:\draco-1.2.0\draco-1.2.0\src\draco/compression/point_cloud/algorithms/dynamic_integer_points_kd_tree_encoder.h(166,34): warning C4244: =: __int64 se převádí na uint32_t; může dojít ke ztrátě dat.
C:\draco-1.2.0\draco-1.2.0\src\draco/compression/point_cloud/algorithms/dynamic_integer_points_kd_tree_encoder.h(160): message : Při kompilaci členské funkce třída šablona draco::DynamicIntegerPointsKdTreeEncoder<6>::EncodingStatus<RandomAccessIteratorT>::EncodingStatus(RandomAccessIteratorT,RandomAccessIteratorT,uint32_t,uint32_t)
          with
          [
              RandomAccessIteratorT=std::_Vector_iterator<std::_Vector_val<std::_Simple_types<draco::Point3ui>>>
          ]
C:\draco-1.2.0\draco-1.2.0\src\draco/compression/point_cloud/algorithms/dynamic_integer_points_kd_tree_encoder.h(278): message : Zobrazit odkaz na kompilované vytváření instancí funkce šablona draco::DynamicIntegerPointsKdTreeEncoder<6>::EncodingStatus<RandomAccessIteratorT>::EncodingStatus(RandomAccessIteratorT,RandomAccessIteratorT,uint32_t,uint32_t)
          with
          [
              RandomAccessIteratorT=std::_Vector_iterator<std::_Vector_val<std::_Simple_types<draco::Point3ui>>>
          ]
C:\draco-1.2.0\draco-1.2.0\src\draco/compression/point_cloud/algorithms/dynamic_integer_points_kd_tree_encoder.h(278): message : Zobrazit odkaz na kompilované vytváření instancí funkce třída šablona draco::DynamicIntegerPointsKdTreeEncoder<6>::EncodingStatus<RandomAccessIteratorT>
          with
          [
              RandomAccessIteratorT=std::_Vector_iterator<std::_Vector_val<std::_Simple_types<draco::Point3ui>>>
          ]
C:\draco-1.2.0\draco-1.2.0\src\draco/compression/point_cloud/algorithms/dynamic_integer_points_kd_tree_encoder.h(208): message : Zobrazit odkaz na kompilované vytváření instancí funkce šablona void draco::DynamicIntegerPointsKdTreeEncoder<6>::EncodeInternal<RandomAccessIteratorT>(RandomAccessIteratorT,RandomAccessIteratorT)
          with
          [
              RandomAccessIteratorT=std::_Vector_iterator<std::_Vector_val<std::_Simple_types<draco::Point3ui>>>
          ]
C:\draco-1.2.0\draco-1.2.0\src\draco/compression/point_cloud/algorithms/dynamic_integer_points_kd_tree_encoder.h(208): message : Zobrazit odkaz na kompilované vytváření instancí funkce šablona void draco::DynamicIntegerPointsKdTreeEncoder<6>::EncodeInternal<RandomAccessIteratorT>(RandomAccessIteratorT,RandomAccessIteratorT)
          with
          [
              RandomAccessIteratorT=std::_Vector_iterator<std::_Vector_val<std::_Simple_types<draco::Point3ui>>>
          ]
C:\draco-1.2.0\draco-1.2.0\src\draco/compression/point_cloud/algorithms/dynamic_integer_points_kd_tree_encoder.h(242,32): warning C4244: inicializování: __int64 se převádí na uint32_t; může dojít ke ztrátě dat.
C:\draco-1.2.0\draco-1.2.0\src\draco/compression/point_cloud/algorithms/dynamic_integer_points_kd_tree_encoder.h(294): message : Zobrazit odkaz na kompilované vytváření instancí funkce šablona uint32_t draco::DynamicIntegerPointsKdTreeEncoder<0>::GetAxis<RandomAccessIteratorT>(RandomAccessIteratorT,RandomAccessIteratorT,const draco::DynamicIntegerPointsKdTreeEncoder<0>::VectorUint32 &,const draco::DynamicIntegerPointsKdTreeEncoder<0>::VectorUint32 &,uint32_t)
          with
          [
              RandomAccessIteratorT=std::_Vector_iterator<std::_Vector_val<std::_Simple_types<draco::Point3ui>>>
          ]
C:\draco-1.2.0\draco-1.2.0\src\draco/compression/point_cloud/algorithms/dynamic_integer_points_kd_tree_encoder.h(294): message : Zobrazit odkaz na kompilované vytváření instancí funkce šablona uint32_t draco::DynamicIntegerPointsKdTreeEncoder<0>::GetAxis<RandomAccessIteratorT>(RandomAccessIteratorT,RandomAccessIteratorT,const draco::DynamicIntegerPointsKdTreeEncoder<0>::VectorUint32 &,const draco::DynamicIntegerPointsKdTreeEncoder<0>::VectorUint32 &,uint32_t)
          with
          [
              RandomAccessIteratorT=std::_Vector_iterator<std::_Vector_val<std::_Simple_types<draco::Point3ui>>>
          ]
C:\draco-1.2.0\draco-1.2.0\src\draco/compression/point_cloud/algorithms/dynamic_integer_points_kd_tree_encoder.h(242,25): warning C4244: inicializování: __int64 se převádí na const uint32_t; může dojít ke ztrátě dat.
C:\draco-1.2.0\draco-1.2.0\src\draco/compression/point_cloud/algorithms/dynamic_integer_points_kd_tree_encoder.h(243,23): warning C4018: <: signed/unsigned – neshoda
C:\draco-1.2.0\draco-1.2.0\src\draco/compression/point_cloud/algorithms/dynamic_integer_points_kd_tree_encoder.h(254,23): warning C4018: <: signed/unsigned – neshoda
  Generování kódu...
  draco_points_enc.vcxproj -> C:\draco-1.2.0\draco-1.2.0\cmake\draco_points_enc.dir\Debug\draco_points_enc.lib
