  Building Custom Rule C:/Users/jachu/Downloads/draco-1.2.0/draco-1.2.0/CMakeLists.txt
  point_cloud_decoder.cc
C:\Users\jachu\Downloads\draco-1.2.0\draco-1.2.0\src\draco/attributes/point_attribute.h(68,1): warning C4267: =: Převod z: size_t na: int, může dojít ke ztrátě dat.
C:\Users\jachu\Downloads\draco-1.2.0\draco-1.2.0\src\draco/metadata/metadata.h(134,27): warning C4267: return: Převod z: size_t na: int, může dojít ke ztrátě dat.
C:\Users\jachu\Downloads\draco-1.2.0\draco-1.2.0\src\draco/point_cloud/point_cloud.h(57,34): warning C4267: return: Převod z: size_t na: int32_t, může dojít ke ztrátě dat.
C:\Users\jachu\Downloads\draco-1.2.0\draco-1.2.0\src\draco/compression/point_cloud/point_cloud_decoder.h(66,1): warning C4267: return: Převod z: size_t na: int32_t, může dojít ke ztrátě dat.
  point_cloud_kd_tree_decoder.cc
C:\Users\jachu\Downloads\draco-1.2.0\draco-1.2.0\src\draco/attributes/point_attribute.h(68,1): warning C4267: =: Převod z: size_t na: int, může dojít ke ztrátě dat.
C:\Users\jachu\Downloads\draco-1.2.0\draco-1.2.0\src\draco/metadata/metadata.h(134,27): warning C4267: return: Převod z: size_t na: int, může dojít ke ztrátě dat.
C:\Users\jachu\Downloads\draco-1.2.0\draco-1.2.0\src\draco/point_cloud/point_cloud.h(57,34): warning C4267: return: Převod z: size_t na: int32_t, může dojít ke ztrátě dat.
C:\Users\jachu\Downloads\draco-1.2.0\draco-1.2.0\src\draco/compression/point_cloud/point_cloud_decoder.h(66,1): warning C4267: return: Převod z: size_t na: int32_t, může dojít ke ztrátě dat.
C:\Users\jachu\Downloads\draco-1.2.0\draco-1.2.0\src\draco/compression/attributes/attributes_decoder.h(47,1): warning C4267: return: Převod z: size_t na: int32_t, může dojít ke ztrátě dat.
C:\Users\jachu\Downloads\draco-1.2.0\draco-1.2.0\src\draco/compression/attributes/attributes_decoder.h(66,1): warning C4267: inicializování: Převod z: size_t na: int, může dojít ke ztrátě dat.
C:\Users\jachu\Downloads\draco-1.2.0\draco-1.2.0\src\draco/compression/attributes/attributes_decoder.h(66,1): warning C4267: inicializování: Převod z: size_t na: const int, může dojít ke ztrátě dat.
  point_cloud_sequential_decoder.cc
C:\Users\jachu\Downloads\draco-1.2.0\draco-1.2.0\src\draco/attributes/point_attribute.h(68,1): warning C4267: =: Převod z: size_t na: int, může dojít ke ztrátě dat.
C:\Users\jachu\Downloads\draco-1.2.0\draco-1.2.0\src\draco/metadata/metadata.h(134,27): warning C4267: return: Převod z: size_t na: int, může dojít ke ztrátě dat.
C:\Users\jachu\Downloads\draco-1.2.0\draco-1.2.0\src\draco/point_cloud/point_cloud.h(57,34): warning C4267: return: Převod z: size_t na: int32_t, může dojít ke ztrátě dat.
C:\Users\jachu\Downloads\draco-1.2.0\draco-1.2.0\src\draco/compression/point_cloud/point_cloud_decoder.h(66,1): warning C4267: return: Převod z: size_t na: int32_t, může dojít ke ztrátě dat.
C:\Users\jachu\Downloads\draco-1.2.0\draco-1.2.0\src\draco/compression/attributes/attributes_decoder.h(47,1): warning C4267: return: Převod z: size_t na: int32_t, může dojít ke ztrátě dat.
C:\Users\jachu\Downloads\draco-1.2.0\draco-1.2.0\src\draco/compression/attributes/attributes_decoder.h(66,1): warning C4267: inicializování: Převod z: size_t na: int, může dojít ke ztrátě dat.
C:\Users\jachu\Downloads\draco-1.2.0\draco-1.2.0\src\draco/compression/attributes/attributes_decoder.h(66,1): warning C4267: inicializování: Převod z: size_t na: const int, může dojít ke ztrátě dat.
  Generování kódu...
  draco_compression_point_cloud_dec.vcxproj -> C:\Users\jachu\Downloads\draco-1.2.0\draco_compression_point_cloud_dec.dir\Debug\draco_compression_point_cloud_dec.lib
