c:\users\jachu\downloads\draco-1.2.0\draco_core.dir\debug\draco_core.pdb
c:\users\jachu\downloads\draco-1.2.0\draco_core.dir\debug\symbol_encoding.obj
c:\users\jachu\downloads\draco-1.2.0\draco_core.dir\debug\symbol_decoding.obj
c:\users\jachu\downloads\draco-1.2.0\draco_core.dir\debug\symbol_coding_utils.obj
c:\users\jachu\downloads\draco-1.2.0\draco_core.dir\debug\shannon_entropy.obj
c:\users\jachu\downloads\draco-1.2.0\draco_core.dir\debug\quantization_utils.obj
c:\users\jachu\downloads\draco-1.2.0\draco_core.dir\debug\options.obj
c:\users\jachu\downloads\draco-1.2.0\draco_core.dir\debug\hash_utils.obj
c:\users\jachu\downloads\draco-1.2.0\draco_core.dir\debug\encoder_buffer.obj
c:\users\jachu\downloads\draco-1.2.0\draco_core.dir\debug\draco_types.obj
c:\users\jachu\downloads\draco-1.2.0\draco_core.dir\debug\divide.obj
c:\users\jachu\downloads\draco-1.2.0\draco_core.dir\debug\decoder_buffer.obj
c:\users\jachu\downloads\draco-1.2.0\draco_core.dir\debug\data_buffer.obj
c:\users\jachu\downloads\draco-1.2.0\draco_core.dir\debug\cycle_timer.obj
c:\users\jachu\downloads\draco-1.2.0\cmakefiles\generate.stamp
c:\users\jachu\downloads\draco-1.2.0\draco_core.dir\debug\draco_core.lib
c:\users\jachu\downloads\draco-1.2.0\draco_core.dir\debug\draco_core.tlog\cl.command.1.tlog
c:\users\jachu\downloads\draco-1.2.0\draco_core.dir\debug\draco_core.tlog\cl.read.1.tlog
c:\users\jachu\downloads\draco-1.2.0\draco_core.dir\debug\draco_core.tlog\cl.write.1.tlog
c:\users\jachu\downloads\draco-1.2.0\draco_core.dir\debug\draco_core.tlog\custombuild.command.1.tlog
c:\users\jachu\downloads\draco-1.2.0\draco_core.dir\debug\draco_core.tlog\custombuild.read.1.tlog
c:\users\jachu\downloads\draco-1.2.0\draco_core.dir\debug\draco_core.tlog\custombuild.write.1.tlog
c:\users\jachu\downloads\draco-1.2.0\draco_core.dir\debug\draco_core.tlog\lib-link.read.1.tlog
c:\users\jachu\downloads\draco-1.2.0\draco_core.dir\debug\draco_core.tlog\lib-link.write.1.tlog
c:\users\jachu\downloads\draco-1.2.0\draco_core.dir\debug\draco_core.tlog\lib.command.1.tlog
