c:\users\jachu\downloads\draco-1.2.0\draco_mesh.dir\debug\draco_mesh.pdb
c:\users\jachu\downloads\draco-1.2.0\draco_mesh.dir\debug\triangle_soup_mesh_builder.obj
c:\users\jachu\downloads\draco-1.2.0\draco_mesh.dir\debug\mesh_stripifier.obj
c:\users\jachu\downloads\draco-1.2.0\draco_mesh.dir\debug\mesh_misc_functions.obj
c:\users\jachu\downloads\draco-1.2.0\draco_mesh.dir\debug\mesh_cleanup.obj
c:\users\jachu\downloads\draco-1.2.0\draco_mesh.dir\debug\mesh_attribute_corner_table.obj
c:\users\jachu\downloads\draco-1.2.0\draco_mesh.dir\debug\mesh_are_equivalent.obj
c:\users\jachu\downloads\draco-1.2.0\draco_mesh.dir\debug\mesh.obj
c:\users\jachu\downloads\draco-1.2.0\draco_mesh.dir\debug\corner_table.obj
c:\users\jachu\downloads\draco-1.2.0\cmakefiles\generate.stamp
c:\users\jachu\downloads\draco-1.2.0\draco_mesh.dir\debug\draco_mesh.lib
c:\users\jachu\downloads\draco-1.2.0\draco_mesh.dir\debug\draco_mesh.tlog\cl.command.1.tlog
c:\users\jachu\downloads\draco-1.2.0\draco_mesh.dir\debug\draco_mesh.tlog\cl.read.1.tlog
c:\users\jachu\downloads\draco-1.2.0\draco_mesh.dir\debug\draco_mesh.tlog\cl.write.1.tlog
c:\users\jachu\downloads\draco-1.2.0\draco_mesh.dir\debug\draco_mesh.tlog\custombuild.command.1.tlog
c:\users\jachu\downloads\draco-1.2.0\draco_mesh.dir\debug\draco_mesh.tlog\custombuild.read.1.tlog
c:\users\jachu\downloads\draco-1.2.0\draco_mesh.dir\debug\draco_mesh.tlog\custombuild.write.1.tlog
c:\users\jachu\downloads\draco-1.2.0\draco_mesh.dir\debug\draco_mesh.tlog\lib-link.read.1.tlog
c:\users\jachu\downloads\draco-1.2.0\draco_mesh.dir\debug\draco_mesh.tlog\lib-link.write.1.tlog
c:\users\jachu\downloads\draco-1.2.0\draco_mesh.dir\debug\draco_mesh.tlog\lib.command.1.tlog
