  Building Custom Rule C:/draco-1.2.0/draco-1.2.0/CMakeLists.txt
  corner_table.cc
C:\draco-1.2.0\draco-1.2.0\src\draco/mesh/corner_table.h(63,35): warning C4267: return: Převod z: size_t na: int, může dojít ke ztrátě dat.
C:\draco-1.2.0\draco-1.2.0\src\draco/mesh/corner_table.h(64,34): warning C4267: return: Převod z: size_t na: int, může dojít ke ztrátě dat.
C:\draco-1.2.0\draco-1.2.0\src\draco/mesh/corner_table.h(65,32): warning C4267: return: Převod z: size_t na: int, může dojít ke ztrátě dat.
C:\draco-1.2.0\draco-1.2.0\src\draco/mesh/corner_table.h(235,1): warning C4267: argument: Převod z: size_t na: ValueTypeT, může dojít ke ztrátě dat.
          with
          [
              ValueTypeT=int32_t
          ]
C:\draco-1.2.0\draco-1.2.0\src\draco\mesh\corner_table.cc(39,42): warning C4267: argument: Převod z: size_t na: const ValueTypeT, může dojít ke ztrátě dat.
          with
          [
              ValueTypeT=int32_t
          ]
C:\draco-1.2.0\draco-1.2.0\src\draco\mesh\corner_table.cc(178,49): warning C4267: =: Převod z: size_t na: int, může dojít ke ztrátě dat.
  mesh.cc
C:\draco-1.2.0\draco-1.2.0\src\draco/attributes/point_attribute.h(68,1): warning C4267: =: Převod z: size_t na: int, může dojít ke ztrátě dat.
C:\draco-1.2.0\draco-1.2.0\src\draco/metadata/metadata.h(134,27): warning C4267: return: Převod z: size_t na: int, může dojít ke ztrátě dat.
C:\draco-1.2.0\draco-1.2.0\src\draco/point_cloud/point_cloud.h(57,34): warning C4267: return: Převod z: size_t na: int32_t, může dojít ke ztrátě dat.
C:\draco-1.2.0\draco-1.2.0\src\draco/mesh/mesh.h(51,1): warning C4267: argument: Převod z: size_t na: const ValueTypeT, může dojít ke ztrátě dat.
          with
          [
              ValueTypeT=int32_t
          ]
C:\draco-1.2.0\draco-1.2.0\src\draco/mesh/mesh.h(61,42): warning C4267: return: Převod z: size_t na: int, může dojít ke ztrátě dat.
C:\draco-1.2.0\draco-1.2.0\src\draco/mesh/mesh.h(122,1): warning C4267: argument: Převod z: size_t na: const ValueTypeT, může dojít ke ztrátě dat.
          with
          [
              ValueTypeT=int32_t
          ]
  mesh_are_equivalent.cc
C:\draco-1.2.0\draco-1.2.0\src\draco/attributes/point_attribute.h(68,1): warning C4267: =: Převod z: size_t na: int, může dojít ke ztrátě dat.
C:\draco-1.2.0\draco-1.2.0\src\draco/metadata/metadata.h(134,27): warning C4267: return: Převod z: size_t na: int, může dojít ke ztrátě dat.
C:\draco-1.2.0\draco-1.2.0\src\draco/point_cloud/point_cloud.h(57,34): warning C4267: return: Převod z: size_t na: int32_t, může dojít ke ztrátě dat.
C:\draco-1.2.0\draco-1.2.0\src\draco/mesh/mesh.h(51,1): warning C4267: argument: Převod z: size_t na: const ValueTypeT, může dojít ke ztrátě dat.
          with
          [
              ValueTypeT=int32_t
          ]
C:\draco-1.2.0\draco-1.2.0\src\draco/mesh/mesh.h(61,42): warning C4267: return: Převod z: size_t na: int, může dojít ke ztrátě dat.
C:\draco-1.2.0\draco-1.2.0\src\draco/mesh/mesh.h(122,1): warning C4267: argument: Převod z: size_t na: const ValueTypeT, může dojít ke ztrátě dat.
          with
          [
              ValueTypeT=int32_t
          ]
C:\draco-1.2.0\draco-1.2.0\src\draco\mesh\mesh_are_equivalent.cc(79,17): warning C4244: return: __int64 se převádí na int32_t; může dojít ke ztrátě dat.
  mesh_attribute_corner_table.cc
C:\draco-1.2.0\draco-1.2.0\src\draco/mesh/corner_table.h(63,35): warning C4267: return: Převod z: size_t na: int, může dojít ke ztrátě dat.
C:\draco-1.2.0\draco-1.2.0\src\draco/mesh/corner_table.h(64,34): warning C4267: return: Převod z: size_t na: int, může dojít ke ztrátě dat.
C:\draco-1.2.0\draco-1.2.0\src\draco/mesh/corner_table.h(65,32): warning C4267: return: Převod z: size_t na: int, může dojít ke ztrátě dat.
C:\draco-1.2.0\draco-1.2.0\src\draco/mesh/corner_table.h(235,1): warning C4267: argument: Převod z: size_t na: ValueTypeT, může dojít ke ztrátě dat.
          with
          [
              ValueTypeT=int32_t
          ]
C:\draco-1.2.0\draco-1.2.0\src\draco/attributes/point_attribute.h(68,1): warning C4267: =: Převod z: size_t na: int, může dojít ke ztrátě dat.
C:\draco-1.2.0\draco-1.2.0\src\draco/metadata/metadata.h(134,27): warning C4267: return: Převod z: size_t na: int, může dojít ke ztrátě dat.
C:\draco-1.2.0\draco-1.2.0\src\draco/point_cloud/point_cloud.h(57,34): warning C4267: return: Převod z: size_t na: int32_t, může dojít ke ztrátě dat.
C:\draco-1.2.0\draco-1.2.0\src\draco/mesh/mesh.h(51,1): warning C4267: argument: Převod z: size_t na: const ValueTypeT, může dojít ke ztrátě dat.
          with
          [
              ValueTypeT=int32_t
          ]
C:\draco-1.2.0\draco-1.2.0\src\draco/mesh/mesh.h(61,42): warning C4267: return: Převod z: size_t na: int, může dojít ke ztrátě dat.
C:\draco-1.2.0\draco-1.2.0\src\draco/mesh/mesh.h(122,1): warning C4267: argument: Převod z: size_t na: const ValueTypeT, může dojít ke ztrátě dat.
          with
          [
              ValueTypeT=int32_t
          ]
C:\draco-1.2.0\draco-1.2.0\src\draco/mesh/mesh_attribute_corner_table.h(85,28): warning C4267: return: Převod z: size_t na: int, může dojít ke ztrátě dat.
  mesh_cleanup.cc
C:\draco-1.2.0\draco-1.2.0\src\draco/attributes/point_attribute.h(68,1): warning C4267: =: Převod z: size_t na: int, může dojít ke ztrátě dat.
C:\draco-1.2.0\draco-1.2.0\src\draco/metadata/metadata.h(134,27): warning C4267: return: Převod z: size_t na: int, může dojít ke ztrátě dat.
C:\draco-1.2.0\draco-1.2.0\src\draco/point_cloud/point_cloud.h(57,34): warning C4267: return: Převod z: size_t na: int32_t, může dojít ke ztrátě dat.
C:\draco-1.2.0\draco-1.2.0\src\draco/mesh/mesh.h(51,1): warning C4267: argument: Převod z: size_t na: const ValueTypeT, může dojít ke ztrátě dat.
          with
          [
              ValueTypeT=int32_t
          ]
C:\draco-1.2.0\draco-1.2.0\src\draco/mesh/mesh.h(61,42): warning C4267: return: Převod z: size_t na: int, může dojít ke ztrátě dat.
C:\draco-1.2.0\draco-1.2.0\src\draco/mesh/mesh.h(122,1): warning C4267: argument: Převod z: size_t na: const ValueTypeT, může dojít ke ztrátě dat.
          with
          [
              ValueTypeT=int32_t
          ]
C:\draco-1.2.0\draco-1.2.0\src\draco\mesh\mesh_cleanup.cc(124,55): warning C4267: argument: Převod z: size_t na: const ValueTypeT, může dojít ke ztrátě dat.
          with
          [
              ValueTypeT=int32_t
          ]
  mesh_misc_functions.cc
C:\draco-1.2.0\draco-1.2.0\src\draco/mesh/corner_table.h(63,35): warning C4267: return: Převod z: size_t na: int, může dojít ke ztrátě dat.
C:\draco-1.2.0\draco-1.2.0\src\draco/mesh/corner_table.h(64,34): warning C4267: return: Převod z: size_t na: int, může dojít ke ztrátě dat.
C:\draco-1.2.0\draco-1.2.0\src\draco/mesh/corner_table.h(65,32): warning C4267: return: Převod z: size_t na: int, může dojít ke ztrátě dat.
C:\draco-1.2.0\draco-1.2.0\src\draco/mesh/corner_table.h(235,1): warning C4267: argument: Převod z: size_t na: ValueTypeT, může dojít ke ztrátě dat.
          with
          [
              ValueTypeT=int32_t
          ]
C:\draco-1.2.0\draco-1.2.0\src\draco/attributes/point_attribute.h(68,1): warning C4267: =: Převod z: size_t na: int, může dojít ke ztrátě dat.
C:\draco-1.2.0\draco-1.2.0\src\draco/metadata/metadata.h(134,27): warning C4267: return: Převod z: size_t na: int, může dojít ke ztrátě dat.
C:\draco-1.2.0\draco-1.2.0\src\draco/point_cloud/point_cloud.h(57,34): warning C4267: return: Převod z: size_t na: int32_t, může dojít ke ztrátě dat.
C:\draco-1.2.0\draco-1.2.0\src\draco/mesh/mesh.h(51,1): warning C4267: argument: Převod z: size_t na: const ValueTypeT, může dojít ke ztrátě dat.
          with
          [
              ValueTypeT=int32_t
          ]
C:\draco-1.2.0\draco-1.2.0\src\draco/mesh/mesh.h(61,42): warning C4267: return: Převod z: size_t na: int, může dojít ke ztrátě dat.
C:\draco-1.2.0\draco-1.2.0\src\draco/mesh/mesh.h(122,1): warning C4267: argument: Převod z: size_t na: const ValueTypeT, může dojít ke ztrátě dat.
          with
          [
              ValueTypeT=int32_t
          ]
  mesh_stripifier.cc
C:\draco-1.2.0\draco-1.2.0\src\draco/mesh/corner_table.h(63,35): warning C4267: return: Převod z: size_t na: int, může dojít ke ztrátě dat.
C:\draco-1.2.0\draco-1.2.0\src\draco/mesh/corner_table.h(64,34): warning C4267: return: Převod z: size_t na: int, může dojít ke ztrátě dat.
C:\draco-1.2.0\draco-1.2.0\src\draco/mesh/corner_table.h(65,32): warning C4267: return: Převod z: size_t na: int, může dojít ke ztrátě dat.
C:\draco-1.2.0\draco-1.2.0\src\draco/mesh/corner_table.h(235,1): warning C4267: argument: Převod z: size_t na: ValueTypeT, může dojít ke ztrátě dat.
          with
          [
              ValueTypeT=int32_t
          ]
C:\draco-1.2.0\draco-1.2.0\src\draco/attributes/point_attribute.h(68,1): warning C4267: =: Převod z: size_t na: int, může dojít ke ztrátě dat.
C:\draco-1.2.0\draco-1.2.0\src\draco/metadata/metadata.h(134,27): warning C4267: return: Převod z: size_t na: int, může dojít ke ztrátě dat.
C:\draco-1.2.0\draco-1.2.0\src\draco/point_cloud/point_cloud.h(57,34): warning C4267: return: Převod z: size_t na: int32_t, může dojít ke ztrátě dat.
C:\draco-1.2.0\draco-1.2.0\src\draco/mesh/mesh.h(51,1): warning C4267: argument: Převod z: size_t na: const ValueTypeT, může dojít ke ztrátě dat.
          with
          [
              ValueTypeT=int32_t
          ]
C:\draco-1.2.0\draco-1.2.0\src\draco/mesh/mesh.h(61,42): warning C4267: return: Převod z: size_t na: int, může dojít ke ztrátě dat.
C:\draco-1.2.0\draco-1.2.0\src\draco/mesh/mesh.h(122,1): warning C4267: argument: Převod z: size_t na: const ValueTypeT, může dojít ke ztrátě dat.
          with
          [
              ValueTypeT=int32_t
          ]
C:\draco-1.2.0\draco-1.2.0\src\draco/mesh/mesh_stripifier.h(97,1): warning C4267: =: Převod z: size_t na: int, může dojít ke ztrátě dat.
  triangle_soup_mesh_builder.cc
C:\draco-1.2.0\draco-1.2.0\src\draco/attributes/point_attribute.h(68,1): warning C4267: =: Převod z: size_t na: int, může dojít ke ztrátě dat.
C:\draco-1.2.0\draco-1.2.0\src\draco/metadata/metadata.h(134,27): warning C4267: return: Převod z: size_t na: int, může dojít ke ztrátě dat.
C:\draco-1.2.0\draco-1.2.0\src\draco/point_cloud/point_cloud.h(57,34): warning C4267: return: Převod z: size_t na: int32_t, může dojít ke ztrátě dat.
C:\draco-1.2.0\draco-1.2.0\src\draco/mesh/mesh.h(51,1): warning C4267: argument: Převod z: size_t na: const ValueTypeT, může dojít ke ztrátě dat.
          with
          [
              ValueTypeT=int32_t
          ]
C:\draco-1.2.0\draco-1.2.0\src\draco/mesh/mesh.h(61,42): warning C4267: return: Převod z: size_t na: int, může dojít ke ztrátě dat.
C:\draco-1.2.0\draco-1.2.0\src\draco/mesh/mesh.h(122,1): warning C4267: argument: Převod z: size_t na: const ValueTypeT, může dojít ke ztrátě dat.
          with
          [
              ValueTypeT=int32_t
          ]
C:\draco-1.2.0\draco-1.2.0\src\draco\mesh\triangle_soup_mesh_builder.cc(76,73): warning C4267: argument: Převod z: size_t na: int, může dojít ke ztrátě dat.
  Generování kódu...
  draco_mesh.vcxproj -> C:\draco-1.2.0\draco-1.2.0\cmake\draco_mesh.dir\Debug\draco_mesh.lib
