c:\users\jachu\downloads\draco-1.2.0\draco_core_bit_coders.dir\debug\draco_core_bit_coders.pdb
c:\users\jachu\downloads\draco-1.2.0\draco_core_bit_coders.dir\debug\symbol_bit_encoder.obj
c:\users\jachu\downloads\draco-1.2.0\draco_core_bit_coders.dir\debug\symbol_bit_decoder.obj
c:\users\jachu\downloads\draco-1.2.0\draco_core_bit_coders.dir\debug\rans_bit_encoder.obj
c:\users\jachu\downloads\draco-1.2.0\draco_core_bit_coders.dir\debug\rans_bit_decoder.obj
c:\users\jachu\downloads\draco-1.2.0\draco_core_bit_coders.dir\debug\direct_bit_encoder.obj
c:\users\jachu\downloads\draco-1.2.0\draco_core_bit_coders.dir\debug\direct_bit_decoder.obj
c:\users\jachu\downloads\draco-1.2.0\draco_core_bit_coders.dir\debug\adaptive_rans_bit_encoder.obj
c:\users\jachu\downloads\draco-1.2.0\draco_core_bit_coders.dir\debug\adaptive_rans_bit_decoder.obj
c:\users\jachu\downloads\draco-1.2.0\cmakefiles\generate.stamp
c:\users\jachu\downloads\draco-1.2.0\draco_core_bit_coders.dir\debug\draco_core_bit_coders.lib
c:\users\jachu\downloads\draco-1.2.0\draco_core_bit_coders.dir\debug\draco_co.974ff955.tlog\cl.command.1.tlog
c:\users\jachu\downloads\draco-1.2.0\draco_core_bit_coders.dir\debug\draco_co.974ff955.tlog\cl.read.1.tlog
c:\users\jachu\downloads\draco-1.2.0\draco_core_bit_coders.dir\debug\draco_co.974ff955.tlog\cl.write.1.tlog
c:\users\jachu\downloads\draco-1.2.0\draco_core_bit_coders.dir\debug\draco_co.974ff955.tlog\custombuild.command.1.tlog
c:\users\jachu\downloads\draco-1.2.0\draco_core_bit_coders.dir\debug\draco_co.974ff955.tlog\custombuild.read.1.tlog
c:\users\jachu\downloads\draco-1.2.0\draco_core_bit_coders.dir\debug\draco_co.974ff955.tlog\custombuild.write.1.tlog
c:\users\jachu\downloads\draco-1.2.0\draco_core_bit_coders.dir\debug\draco_co.974ff955.tlog\lib-link.read.1.tlog
c:\users\jachu\downloads\draco-1.2.0\draco_core_bit_coders.dir\debug\draco_co.974ff955.tlog\lib-link.write.1.tlog
c:\users\jachu\downloads\draco-1.2.0\draco_core_bit_coders.dir\debug\draco_co.974ff955.tlog\lib.command.1.tlog
